building Nix...
building the system configuration...
these 20 derivations will be built:
  /nix/store/21z0w70jh9973lqz6sc39q2qxrk71q79-man-paths.drv
  /nix/store/8zw1klyfqlb4jbfjmis5ygvspw4cy031-system-path.drv
  /nix/store/8hmj9sj64lj55wd34q66ilsyw73k0439-dbus-1.drv
  /nix/store/iqhvwc14418rkwjdi5skhx2zxxg7j5cq-X-Restart-Triggers-dbus.drv
  /nix/store/2bqxx1z2pabd805p91zgjaqwwwgz7l80-unit-dbus.service.drv
  /nix/store/x1f9vmm0hd7s33ykiqpjz865ls0hcvny-unit-dbus.service.drv
  /nix/store/8waqh7hl62a434k4pfdpcxrs9csp6348-X-Restart-Triggers-polkit.drv
  /nix/store/zdbg5968pfij5cln8g2y79cgd2qisqwi-unit-polkit.service.drv
  /nix/store/4kjmk7l2svmdh2rm3fhgyrsd1f2ap171-system-units.drv
  /nix/store/bwb2rxc0v3ng3hhwvd93hbid7z8wsdcq-kitty-0.42.1_fish-completions.drv
  /nix/store/55d5mmby0l6liq9vkkmdy6mcjgf25z6z-system_fish-completions.drv
  /nix/store/bsrx8m5w1vpzyjkz5p0n8b94qqkr9ada-etc-bashrc.drv
  /nix/store/dxmqyjasd2r9k9wwsycms66zl05ym8nv-man-cache.drv
  /nix/store/qhlciq1kd7f4kgc3jwd42pgf1kd5lyfy-unit-script-nixos-activation-start.drv
  /nix/store/f957wwgzgakcr2gx0b5g32wrql0irnqy-unit-nixos-activation.service.drv
  /nix/store/kx2zmjdx5v0f2g1padbq90ycjwvpgl5m-user-units.drv
  /nix/store/main82p2plr6jcdqc7rj9vr8rydpaknd-etc-fish-config.fish.drv
  /nix/store/qp82hkyihnpjm2lki7rx3gp5al4rpk70-etc-man_db.conf.drv
  /nix/store/v62g2xrsklmli3fddfqbm99c2wr0m6cj-etc.drv
  /nix/store/ha3icyd2bzl3rdmhq1446vsjq10c9kp0-nixos-system-nixos-25.05.802746.7282cb574e06.drv
these 2 paths will be fetched (17.52 MiB download, 56.42 MiB unpacked):
  /nix/store/dyyifi0w2g0ddfxv5xs6ihkgbr435qp2-kitty-0.42.1
  /nix/store/gpd7nmp4yk98p7q16gnr3wkkilx0wgpb-kitty-0.42.1-terminfo
copying path '/nix/store/gpd7nmp4yk98p7q16gnr3wkkilx0wgpb-kitty-0.42.1-terminfo' from 'https://cache.nixos.org'...
building '/nix/store/bsrx8m5w1vpzyjkz5p0n8b94qqkr9ada-etc-bashrc.drv'...
building '/nix/store/main82p2plr6jcdqc7rj9vr8rydpaknd-etc-fish-config.fish.drv'...
copying path '/nix/store/dyyifi0w2g0ddfxv5xs6ihkgbr435qp2-kitty-0.42.1' from 'https://cache.nixos.org'...
building '/nix/store/qhlciq1kd7f4kgc3jwd42pgf1kd5lyfy-unit-script-nixos-activation-start.drv'...
building '/nix/store/f957wwgzgakcr2gx0b5g32wrql0irnqy-unit-nixos-activation.service.drv'...
building '/nix/store/bwb2rxc0v3ng3hhwvd93hbid7z8wsdcq-kitty-0.42.1_fish-completions.drv'...
building '/nix/store/21z0w70jh9973lqz6sc39q2qxrk71q79-man-paths.drv'...
building '/nix/store/8zw1klyfqlb4jbfjmis5ygvspw4cy031-system-path.drv'...
created 5322 symlinks in user environment
building '/nix/store/55d5mmby0l6liq9vkkmdy6mcjgf25z6z-system_fish-completions.drv'...
created 8258 symlinks in user environment
created 525 symlinks in user environment
building '/nix/store/dxmqyjasd2r9k9wwsycms66zl05ym8nv-man-cache.drv'...
building '/nix/store/8waqh7hl62a434k4pfdpcxrs9csp6348-X-Restart-Triggers-polkit.drv'...
building '/nix/store/8hmj9sj64lj55wd34q66ilsyw73k0439-dbus-1.drv'...
building '/nix/store/zdbg5968pfij5cln8g2y79cgd2qisqwi-unit-polkit.service.drv'...
building '/nix/store/iqhvwc14418rkwjdi5skhx2zxxg7j5cq-X-Restart-Triggers-dbus.drv'...
building '/nix/store/2bqxx1z2pabd805p91zgjaqwwwgz7l80-unit-dbus.service.drv'...
building '/nix/store/x1f9vmm0hd7s33ykiqpjz865ls0hcvny-unit-dbus.service.drv'...
building '/nix/store/kx2zmjdx5v0f2g1padbq90ycjwvpgl5m-user-units.drv'...
building '/nix/store/4kjmk7l2svmdh2rm3fhgyrsd1f2ap171-system-units.drv'...
building '/nix/store/qp82hkyihnpjm2lki7rx3gp5al4rpk70-etc-man_db.conf.drv'...
building '/nix/store/v62g2xrsklmli3fddfqbm99c2wr0m6cj-etc.drv'...
building '/nix/store/ha3icyd2bzl3rdmhq1446vsjq10c9kp0-nixos-system-nixos-25.05.802746.7282cb574e06.drv'...
activating the configuration...
setting up /etc...
reloading user units for oliverk...
restarting sysinit-reactivation.target
reloading the following units: dbus.service
the following new units were started: NetworkManager-dispatcher.service
Done. The new configuration is /nix/store/qhynrmm7gik71mi38cjz3f6c3pil3ws6-nixos-system-nixos-25.05.802746.7282cb574e06
